  [4;36;1mSQL (0.2ms)[0m   [0;1m SELECT name
 FROM sqlite_master
 WHERE type = 'table' AND NOT name = 'sqlite_sequence'
[0m
  [4;35;1mSQL (0.1ms)[0m   [0mselect sqlite_version(*)[0m
  [4;36;1mSQL (1.4ms)[0m   [0;1mCREATE TABLE "schema_migrations" ("version" varchar(255) NOT NULL) [0m
  [4;35;1mSQL (0.0ms)[0m   [0mPRAGMA index_list("schema_migrations")[0m
  [4;36;1mSQL (1.6ms)[0m   [0;1mCREATE UNIQUE INDEX "unique_schema_migrations" ON "schema_migrations" ("version")[0m
  [4;35;1mSQL (0.1ms)[0m   [0m SELECT name
 FROM sqlite_master
 WHERE type = 'table' AND NOT name = 'sqlite_sequence'
[0m
  [4;36;1mSQL (0.1ms)[0m   [0;1mSELECT version FROM schema_migrations[0m
Migrating to CreateRecipes (20110201161539)
  [4;35;1mSQL (0.3ms)[0m   [0mCREATE TABLE "recipes" ("id" INTEGER PRIMARY KEY AUTOINCREMENT NOT NULL, "title" varchar(255), "summary" text, "published" boolean, "created_at" datetime, "updated_at" datetime) [0m
  [4;36;1mSQL (0.1ms)[0m   [0;1mINSERT INTO schema_migrations (version) VALUES ('20110201161539')[0m
  [4;35;1mSQL (0.2ms)[0m   [0m SELECT name
 FROM sqlite_master
 WHERE type = 'table' AND NOT name = 'sqlite_sequence'
[0m
  [4;36;1mSQL (0.1ms)[0m   [0;1mSELECT version FROM schema_migrations[0m
  [4;35;1mSQL (0.1ms)[0m   [0m SELECT name
 FROM sqlite_master
 WHERE type = 'table' AND NOT name = 'sqlite_sequence'
[0m
  [4;36;1mSQL (0.0ms)[0m   [0;1mPRAGMA index_list("recipes")[0m


Processing ApplicationController#index (for 127.0.0.1 at 2011-02-01 11:16:07) [GET]

ActionController::RoutingError (No route matches "/" with {:method=>:get}):
  

Rendering rescues/layout (not_found)


Processing RecipesController#index (for 127.0.0.1 at 2011-02-01 11:16:16) [GET]
  [4;36;1mRecipe Load (0.3ms)[0m   [0;1mSELECT * FROM "recipes" [0m
Rendering template within layouts/recipes
Rendering recipes/index
Completed in 46ms (View: 43, DB: 0) | 200 OK [http://localhost/recipes]


Processing RecipesController#new (for 127.0.0.1 at 2011-02-01 11:16:18) [GET]
Rendering template within layouts/recipes
Rendering recipes/new
Completed in 13ms (View: 10, DB: 0) | 200 OK [http://localhost/recipes/new]


Processing RecipesController#create (for 127.0.0.1 at 2011-02-01 11:16:23) [POST]
  Parameters: {"commit"=>"Create", "authenticity_token"=>"qUNAT0CuhkbiYFHvkreNhg+ASxpDcZ7szaYdiKXmKVU=", "recipe"=>{"title"=>"test", "published"=>"1", "summary"=>"123123123"}}
  [4;35;1mRecipe Create (0.3ms)[0m   [0mINSERT INTO "recipes" ("created_at", "title", "published", "updated_at", "summary") VALUES('2011-02-01 16:16:23', 'test', 't', '2011-02-01 16:16:23', '123123123')[0m
Redirected to http://localhost:3000/recipes/1
Completed in 8ms (DB: 0) | 302 Found [http://localhost/recipes]


Processing RecipesController#show (for 127.0.0.1 at 2011-02-01 11:16:23) [GET]
  Parameters: {"id"=>"1"}
  [4;36;1mRecipe Load (0.2ms)[0m   [0;1mSELECT * FROM "recipes" WHERE ("recipes"."id" = 1) [0m
Rendering template within layouts/recipes
Rendering recipes/show
Completed in 10ms (View: 5, DB: 0) | 200 OK [http://localhost/recipes/1]
